<?xml version="1.0" encoding="UTF-8"?>
<!-- Generated by org.testng.reporters.JUnitReportReporter -->
<testsuite skipped="0" hostname="ite502.lv.remit.se" name="examples.ExampleApiTest" tests="2" failures="0" timestamp="07 Sep 2018 07:54:10 GMT" time="1.877" errors="0">
  <testcase name="authAndGet" time="1.455" classname="examples.ExampleApiTest"/>
  <testcase name="getUsers" time="0.422" classname="examples.ExampleApiTest"/>
</testsuite> <!-- examples.ExampleApiTest -->
