<?xml version="1.0" encoding="UTF-8"?>
<!-- Generated by org.testng.reporters.JUnitReportReporter -->
<testsuite skipped="0" hostname="ite502.lv.remit.se" name="examples.ExampleDbTest" tests="1" failures="0" timestamp="07 Sep 2018 07:54:10 GMT" time="0.442" errors="0">
  <testcase name="createUser" time="0.442" classname="examples.ExampleDbTest"/>
</testsuite> <!-- examples.ExampleDbTest -->
